  Automatic MOC and UIC for target Dontmove
  Building Custom Rule D:/project/project/pierce/Dontmoveyou/CMakeLists.txt
  mocs_compilation_Debug.cpp
  hotkey_manager.cpp
  input_blocker.cpp
  main.cpp
  logger.cpp
  settings_manager.cpp
  tray_service.cpp
  main_window.cpp
  settings_window.cpp
  正在生成代码...
  Dontmove.vcxproj -> D:\project\project\pierce\Dontmoveyou\build\Debug\Dontmove.exe
  Running windeployqt for Dontmove
  D:\project\project\pierce\Dontmoveyou\build\Debug\Dontmove.exe 64 bit, debug executable
  Adding in plugin type generic for module: Qt6Gui
  Adding Qt6Network for qtuiotouchplugind.dll from plugin type: generic
  Adding in plugin type iconengines for module: Qt6Gui
  Adding Qt6Svg for qsvgicond.dll from plugin type: iconengines
  Adding in plugin type imageformats for module: Qt6Gui
  Adding in plugin type networkinformation for module: Qt6Network
  Adding in plugin type platforms for module: Qt6Gui
  Adding in plugin type styles for module: Qt6Widgets
  Adding in plugin type tls for module: Qt6Network
  Skipping plugin qopensslbackendd.dll. Use -force-openssl or specify -openssl-root if you want to use it.
  Direct dependencies: Qt6Core Qt6Gui Qt6Widgets
  All dependencies   : Qt6Core Qt6Gui Qt6Widgets
  To be deployed     : Qt6Core Qt6Gui Qt6Network Qt6Svg Qt6Widgets
  Qt6Cored.dll is up to date.
  Qt6Guid.dll is up to date.
  Qt6Networkd.dll is up to date.
  Qt6Svgd.dll is up to date.
  Qt6Widgetsd.dll is up to date.
  opengl32sw.dll is up to date.
  d3dcompiler_47.dll is up to date.
  dxcompiler.dll is up to date.
  dxil.dll is up to date.
  qtuiotouchplugind.dll is up to date.
  qsvgicond.dll is up to date.
  qgifd.dll is up to date.
  qicod.dll is up to date.
  qjpegd.dll is up to date.
  qsvgd.dll is up to date.
  qnetworklistmanagerd.dll is up to date.
  qwindowsd.dll is up to date.
  qmodernwindowsstyled.dll is up to date.
  qcertonlybackendd.dll is up to date.
  qschannelbackendd.dll is up to date.
